[35m[Appium][39m Welcome to Appium v1.22.0
[35m[Appium][39m Non-default server args:
[35m[Appium][39m   port: 61283
[35m[Appium][39m   loglevel: info
[35m[Appium][39m   tmpDir: C:\Users\zaena\AppData\Local\Temp\\Katalon\Appium\Temp1689590148567
[35m[Appium][39m   chromedriverPort: 61284
[35m[Appium][39m Deprecated server args:
[35m[Appium][39m   [31m--chromedriver-port[39m => --default-capabilities
[35m[Appium][39m Default capabilities, which will be added to each request unless overridden by desired capabilities:
[35m[Appium][39m   chromedriverPort: 61284
[35m[Appium][39m Appium REST http interface listener started on 0.0.0.0:61283
[35m[HTTP][39m [37m-->[39m [37mGET[39m [37m/wd/hub/status[39m
[35m[HTTP][39m [90m{}[39m
[35m[HTTP][39m [37m<-- GET /wd/hub/status [39m[32m200[39m [90m5 ms - 68[39m
[35m[HTTP][39m [90m[39m
[35m[HTTP][39m [37m-->[39m [37mPOST[39m [37m/wd/hub/session[39m
[35m[HTTP][39m [90m{"desiredCapabilities":{"app":"C:\\Users\\zaena\\Desktop\\Calculator_v8.1.apk","noReset":false,"deviceName":"emulator-5554 (sdk_gphone_x86_64 - Android 13)","fullReset":true,"platform":"ANDROID","newCommandTimeout":1800,"platformVersion":"13","automationName":"uiautomator2","autoGrantPermissions":true,"platformName":"Android","udid":"emulator-5554","systemPort":61282},"capabilities":{"firstMatch":[{"appium:app":"C:\\Users\\zaena\\Desktop\\Calculator_v8.1.apk","appium:autoGrantPermissions":true,"appium:automationName":"uiautomator2","appium:deviceName":"emulator-5554 (sdk_gphone_x86_64 - Android 13)","appium:fullReset":true,"appium:newCommandTimeout":1800,"appium:noReset":false,"platform":"ANDROID","platformName":"android","appium:platformVersion":"13","appium:systemPort":61282,"appium:udid":"emulator-5554"}]}}[39m
[35m[BaseDriver][39m The following capabilities are not standard capabilities and should have an extension prefix:
[35m[BaseDriver][39m   platform
[35m[BaseDriver][39m   chromedriverPort
[35m[Appium][39m Appium v1.22.0 creating new AndroidUiautomator2Driver (v1.69.0) session
[35m[BaseDriver][39m The following capabilities were provided, but are not recognized by Appium:
[35m[BaseDriver][39m   platform
[35m[BaseDriver][39m Session created with session id: d9687153-26b6-4231-a9cf-8230fe3724c3
[35m[BaseDriver][39m Using local app 'C:\Users\zaena\Desktop\Calculator_v8.1.apk'
[35m[ADB][39m Found 1 'build-tools' folders under 'C:\Users\zaena\AppData\Local\Android\Sdk' (newest first):
[35m[ADB][39m     C:/Users/zaena/AppData/Local/Android/Sdk/build-tools/34.0.0
[35m[ADB][39m Using 'adb.exe' from 'C:\Users\zaena\AppData\Local\Android\Sdk\platform-tools\adb.exe'
[35m[AndroidDriver][39m Retrieving device list
[35m[AndroidDriver][39m Using device: emulator-5554
[35m[ADB][39m Using 'adb.exe' from 'C:\Users\zaena\AppData\Local\Android\Sdk\platform-tools\adb.exe'
[35m[ADB][39m Getting device platform version
[35m[UiAutomator2][39m Relaxing hidden api policy
[35m[ADB][39m Package name: 'com.google.android.calculator'
[35m[ADB][39m Main activity name: 'com.android.calculator2.Calculator'
[35m[ADB][39m Using 'apksigner.jar' from 'C:\Users\zaena\AppData\Local\Android\Sdk\build-tools\34.0.0\lib\apksigner.jar'
[35m[ADB][39m 'C:\Users\zaena\AppData\Roaming\npm\node_modules\appium\node_modules\appium-uiautomator2-server\apks\appium-uiautomator2-server-v4.24.0.apk' is signed with the default certificate
[35m[ADB][39m 'C:\Users\zaena\AppData\Roaming\npm\node_modules\appium\node_modules\appium-uiautomator2-server\apks\appium-uiautomator2-server-debug-androidTest.apk' is signed with the default certificate
[35m[UiAutomator2][39m Server packages are not going to be (re)installed
[35m[ADB][39m Adding packages ["io.appium.settings","io.appium.uiautomator2.server","io.appium.uiautomator2.server.test"] to Doze whitelist
[35m[ADB][39m 'C:\Users\zaena\Desktop\Calculator_v8.1.apk' is signed with a non-default certificate
[35m[ADB][39m com.google.android.calculator was not uninstalled, because it was not present on the device
[35m[ADB][39m The application at 'C:\Users\zaena\Desktop\Calculator_v8.1.apk' will not be cached, because the device under test has confirmed the support of streamed installs
[35m[ADB][39m The installation of 'Calculator_v8.1.apk' took 255ms
[35m[UiAutomator2][39m Starting UIAutomator2 server 4.24.0
[35m[UiAutomator2][39m Using UIAutomator2 server from 'C:\Users\zaena\AppData\Roaming\npm\node_modules\appium\node_modules\appium-uiautomator2-server\apks\appium-uiautomator2-server-v4.24.0.apk' and test from 'C:\Users\zaena\AppData\Roaming\npm\node_modules\appium\node_modules\appium-uiautomator2-server\apks\appium-uiautomator2-server-debug-androidTest.apk'
[35m[UiAutomator2][39m Waiting up to 30000ms for UiAutomator2 to be online...
[35m[WD Proxy][39m socket hang up
[35m[WD Proxy][39m socket hang up
[35m[WD Proxy][39m Determined the downstream protocol as 'W3C'
[35m[AndroidDriver][39m Screen already unlocked, doing nothing
[35m[UiAutomator2][39m Starting 'com.google.android.calculator/com.android.calculator2.Calculator and waiting for 'com.google.android.calculator/com.android.calculator2.Calculator'
[35m[Appium][39m New AndroidUiautomator2Driver session created successfully, session d9687153-26b6-4231-a9cf-8230fe3724c3 added to master session list
[35m[HTTP][39m [37m<-- POST /wd/hub/session [39m[32m200[39m [90m5143 ms - 1288[39m
[35m[HTTP][39m [90m[39m
[35m[HTTP][39m [37m-->[39m [37mGET[39m [37m/wd/hub/session/d9687153-26b6-4231-a9cf-8230fe3724c3[39m
[35m[HTTP][39m [90m{}[39m
[35m[HTTP][39m [37m<-- GET /wd/hub/session/d9687153-26b6-4231-a9cf-8230fe3724c3 [39m[32m200[39m [90m9 ms - 1242[39m
[35m[HTTP][39m [90m[39m
[35m[HTTP][39m [37m-->[39m [37mGET[39m [37m/wd/hub/session/d9687153-26b6-4231-a9cf-8230fe3724c3[39m
[35m[HTTP][39m [90m{}[39m
[35m[HTTP][39m [37m<-- GET /wd/hub/session/d9687153-26b6-4231-a9cf-8230fe3724c3 [39m[32m200[39m [90m11 ms - 1242[39m
[35m[HTTP][39m [90m[39m
[35m[HTTP][39m [37m-->[39m [37mGET[39m [37m/wd/hub/status[39m
[35m[HTTP][39m [90m{}[39m
[35m[HTTP][39m [37m<-- GET /wd/hub/status [39m[32m200[39m [90m1 ms - 68[39m
[35m[HTTP][39m [90m[39m
[35m[HTTP][39m [37m-->[39m [37mPOST[39m [37m/wd/hub/session/d9687153-26b6-4231-a9cf-8230fe3724c3/timeouts[39m
[35m[HTTP][39m [90m{"implicit":30000}[39m
[35m[HTTP][39m [37m<-- POST /wd/hub/session/d9687153-26b6-4231-a9cf-8230fe3724c3/timeouts [39m[32m200[39m [90m2 ms - 14[39m
[35m[HTTP][39m [90m[39m
[35m[HTTP][39m [37m-->[39m [37mGET[39m [37m/wd/hub/session/d9687153-26b6-4231-a9cf-8230fe3724c3/screenshot[39m
[35m[HTTP][39m [90m{}[39m
[35m[HTTP][39m [37m<-- GET /wd/hub/session/d9687153-26b6-4231-a9cf-8230fe3724c3/screenshot [39m[32m200[39m [90m312 ms - 237338[39m
[35m[HTTP][39m [90m[39m
[35m[HTTP][39m [37m-->[39m [37mGET[39m [37m/wd/hub/session/d9687153-26b6-4231-a9cf-8230fe3724c3/window/rect[39m
[35m[HTTP][39m [90m{}[39m
[35m[HTTP][39m [37m<-- GET /wd/hub/session/d9687153-26b6-4231-a9cf-8230fe3724c3/window/rect [39m[32m200[39m [90m12 ms - 50[39m
[35m[HTTP][39m [90m[39m
[35m[HTTP][39m [37m-->[39m [37mGET[39m [37m/wd/hub/session/d9687153-26b6-4231-a9cf-8230fe3724c3/appium/device/system_bars[39m
[35m[HTTP][39m [90m{}[39m
[35m[HTTP][39m [37m<-- GET /wd/hub/session/d9687153-26b6-4231-a9cf-8230fe3724c3/appium/device/system_bars [39m[32m200[39m [90m96 ms - 145[39m
[35m[HTTP][39m [90m[39m
[35m[HTTP][39m [37m-->[39m [37mPOST[39m [37m/wd/hub/session/d9687153-26b6-4231-a9cf-8230fe3724c3/timeouts[39m
[35m[HTTP][39m [90m{"implicit":50}[39m
[35m[HTTP][39m [37m<-- POST /wd/hub/session/d9687153-26b6-4231-a9cf-8230fe3724c3/timeouts [39m[32m200[39m [90m2 ms - 14[39m
[35m[HTTP][39m [90m[39m
[35m[HTTP][39m [37m-->[39m [37mGET[39m [37m/wd/hub/session/d9687153-26b6-4231-a9cf-8230fe3724c3/window/rect[39m
[35m[HTTP][39m [90m{}[39m
[35m[HTTP][39m [37m<-- GET /wd/hub/session/d9687153-26b6-4231-a9cf-8230fe3724c3/window/rect [39m[32m200[39m [90m7 ms - 50[39m
[35m[HTTP][39m [90m[39m
[35m[HTTP][39m [37m-->[39m [37mPOST[39m [37m/wd/hub/session/d9687153-26b6-4231-a9cf-8230fe3724c3/elements[39m
[35m[HTTP][39m [90m{"using":"xpath","value":"//*[@class = 'android.widget.Button' and (@text = '0' or . = '0') and @resource-id = 'com.google.android.calculator:id/digit_0']"}[39m
[35m[HTTP][39m [37m<-- POST /wd/hub/session/d9687153-26b6-4231-a9cf-8230fe3724c3/elements [39m[32m200[39m [90m56 ms - 139[39m
[35m[HTTP][39m [90m[39m
[35m[HTTP][39m [37m-->[39m [37mGET[39m [37m/wd/hub/session/d9687153-26b6-4231-a9cf-8230fe3724c3/element/00000000-0000-00fe-ffff-ffff00000065/location[39m
[35m[HTTP][39m [90m{}[39m
[35m[W3C (d9687153)][39m Driver proxy active, passing request on via HTTP proxy
[35m[WD Proxy][39m Replacing sessionId cd2b1187-2229-4b4e-9aed-1f008e7254fc with d9687153-26b6-4231-a9cf-8230fe3724c3
[35m[HTTP][39m [37m<-- GET /wd/hub/session/d9687153-26b6-4231-a9cf-8230fe3724c3/element/00000000-0000-00fe-ffff-ffff00000065/location [39m[32m200[39m [90m13 ms - 78[39m
[35m[HTTP][39m [90m[39m
[35m[HTTP][39m [37m-->[39m [37mPOST[39m [37m/wd/hub/session/d9687153-26b6-4231-a9cf-8230fe3724c3/timeouts[39m
[35m[HTTP][39m [90m{"implicit":30000}[39m
[35m[HTTP][39m [37m<-- POST /wd/hub/session/d9687153-26b6-4231-a9cf-8230fe3724c3/timeouts [39m[32m200[39m [90m1 ms - 14[39m
[35m[HTTP][39m [90m[39m
[35m[HTTP][39m [37m-->[39m [37mPOST[39m [37m/wd/hub/session/d9687153-26b6-4231-a9cf-8230fe3724c3/element/00000000-0000-00fe-ffff-ffff00000065/click[39m
[35m[HTTP][39m [90m{"id":"00000000-0000-00fe-ffff-ffff00000065"}[39m
[35m[HTTP][39m [37m<-- POST /wd/hub/session/d9687153-26b6-4231-a9cf-8230fe3724c3/element/00000000-0000-00fe-ffff-ffff00000065/click [39m[32m200[39m [90m10065 ms - 14[39m
[35m[HTTP][39m [90m[39m
[35m[HTTP][39m [37m-->[39m [37mPOST[39m [37m/wd/hub/session/d9687153-26b6-4231-a9cf-8230fe3724c3/timeouts[39m
[35m[HTTP][39m [90m{"implicit":50}[39m
[35m[HTTP][39m [37m<-- POST /wd/hub/session/d9687153-26b6-4231-a9cf-8230fe3724c3/timeouts [39m[32m200[39m [90m1 ms - 14[39m
[35m[HTTP][39m [90m[39m
[35m[HTTP][39m [37m-->[39m [37mGET[39m [37m/wd/hub/session/d9687153-26b6-4231-a9cf-8230fe3724c3/window/rect[39m
[35m[HTTP][39m [90m{}[39m
[35m[HTTP][39m [37m<-- GET /wd/hub/session/d9687153-26b6-4231-a9cf-8230fe3724c3/window/rect [39m[32m200[39m [90m10 ms - 50[39m
[35m[HTTP][39m [90m[39m
[35m[HTTP][39m [37m-->[39m [37mPOST[39m [37m/wd/hub/session/d9687153-26b6-4231-a9cf-8230fe3724c3/elements[39m
[35m[HTTP][39m [90m{"using":"xpath","value":"//*[@class = 'android.widget.Button' and (@text = '•' or . = '•') and @resource-id = 'com.google.android.calculator:id/dec_point']"}[39m
[35m[HTTP][39m [37m<-- POST /wd/hub/session/d9687153-26b6-4231-a9cf-8230fe3724c3/elements [39m[32m200[39m [90m69 ms - 139[39m
[35m[HTTP][39m [90m[39m
[35m[HTTP][39m [37m-->[39m [37mGET[39m [37m/wd/hub/session/d9687153-26b6-4231-a9cf-8230fe3724c3/element/00000000-0000-00fe-ffff-ffff00000066/location[39m
[35m[HTTP][39m [90m{}[39m
[35m[W3C (d9687153)][39m Driver proxy active, passing request on via HTTP proxy
[35m[WD Proxy][39m Replacing sessionId cd2b1187-2229-4b4e-9aed-1f008e7254fc with d9687153-26b6-4231-a9cf-8230fe3724c3
[35m[HTTP][39m [37m<-- GET /wd/hub/session/d9687153-26b6-4231-a9cf-8230fe3724c3/element/00000000-0000-00fe-ffff-ffff00000066/location [39m[32m200[39m [90m10 ms - 79[39m
[35m[HTTP][39m [90m[39m
[35m[HTTP][39m [37m-->[39m [37mPOST[39m [37m/wd/hub/session/d9687153-26b6-4231-a9cf-8230fe3724c3/timeouts[39m
[35m[HTTP][39m [90m{"implicit":30000}[39m
[35m[HTTP][39m [37m<-- POST /wd/hub/session/d9687153-26b6-4231-a9cf-8230fe3724c3/timeouts [39m[32m200[39m [90m1 ms - 14[39m
[35m[HTTP][39m [90m[39m
[35m[HTTP][39m [37m-->[39m [37mPOST[39m [37m/wd/hub/session/d9687153-26b6-4231-a9cf-8230fe3724c3/element/00000000-0000-00fe-ffff-ffff00000066/click[39m
[35m[HTTP][39m [90m{"id":"00000000-0000-00fe-ffff-ffff00000066"}[39m
[35m[HTTP][39m [37m<-- POST /wd/hub/session/d9687153-26b6-4231-a9cf-8230fe3724c3/element/00000000-0000-00fe-ffff-ffff00000066/click [39m[32m200[39m [90m10037 ms - 14[39m
[35m[HTTP][39m [90m[39m
[35m[HTTP][39m [37m-->[39m [37mPOST[39m [37m/wd/hub/session/d9687153-26b6-4231-a9cf-8230fe3724c3/timeouts[39m
[35m[HTTP][39m [90m{"implicit":50}[39m
[35m[HTTP][39m [37m<-- POST /wd/hub/session/d9687153-26b6-4231-a9cf-8230fe3724c3/timeouts [39m[32m200[39m [90m1 ms - 14[39m
[35m[HTTP][39m [90m[39m
[35m[HTTP][39m [37m-->[39m [37mGET[39m [37m/wd/hub/session/d9687153-26b6-4231-a9cf-8230fe3724c3/window/rect[39m
[35m[HTTP][39m [90m{}[39m
[35m[HTTP][39m [37m<-- GET /wd/hub/session/d9687153-26b6-4231-a9cf-8230fe3724c3/window/rect [39m[32m200[39m [90m5 ms - 50[39m
[35m[HTTP][39m [90m[39m
[35m[HTTP][39m [37m-->[39m [37mPOST[39m [37m/wd/hub/session/d9687153-26b6-4231-a9cf-8230fe3724c3/elements[39m
[35m[HTTP][39m [90m{"using":"xpath","value":"//*[@class = 'android.widget.Button' and (@text = '2' or . = '2') and @resource-id = 'com.google.android.calculator:id/digit_2']"}[39m
[35m[HTTP][39m [37m<-- POST /wd/hub/session/d9687153-26b6-4231-a9cf-8230fe3724c3/elements [39m[32m200[39m [90m38 ms - 139[39m
[35m[HTTP][39m [90m[39m
[35m[HTTP][39m [37m-->[39m [37mGET[39m [37m/wd/hub/session/d9687153-26b6-4231-a9cf-8230fe3724c3/element/00000000-0000-00fe-ffff-ffff00000062/location[39m
[35m[HTTP][39m [90m{}[39m
[35m[W3C (d9687153)][39m Driver proxy active, passing request on via HTTP proxy
[35m[WD Proxy][39m Replacing sessionId cd2b1187-2229-4b4e-9aed-1f008e7254fc with d9687153-26b6-4231-a9cf-8230fe3724c3
[35m[HTTP][39m [37m<-- GET /wd/hub/session/d9687153-26b6-4231-a9cf-8230fe3724c3/element/00000000-0000-00fe-ffff-ffff00000062/location [39m[32m200[39m [90m12 ms - 79[39m
[35m[HTTP][39m [90m[39m
[35m[HTTP][39m [37m-->[39m [37mPOST[39m [37m/wd/hub/session/d9687153-26b6-4231-a9cf-8230fe3724c3/timeouts[39m
[35m[HTTP][39m [90m{"implicit":30000}[39m
[35m[HTTP][39m [37m<-- POST /wd/hub/session/d9687153-26b6-4231-a9cf-8230fe3724c3/timeouts [39m[32m200[39m [90m1 ms - 14[39m
[35m[HTTP][39m [90m[39m
[35m[HTTP][39m [37m-->[39m [37mPOST[39m [37m/wd/hub/session/d9687153-26b6-4231-a9cf-8230fe3724c3/element/00000000-0000-00fe-ffff-ffff00000062/click[39m
[35m[HTTP][39m [90m{"id":"00000000-0000-00fe-ffff-ffff00000062"}[39m
[35m[HTTP][39m [37m<-- POST /wd/hub/session/d9687153-26b6-4231-a9cf-8230fe3724c3/element/00000000-0000-00fe-ffff-ffff00000062/click [39m[32m200[39m [90m10039 ms - 14[39m
[35m[HTTP][39m [90m[39m
[35m[HTTP][39m [37m-->[39m [37mPOST[39m [37m/wd/hub/session/d9687153-26b6-4231-a9cf-8230fe3724c3/timeouts[39m
[35m[HTTP][39m [90m{"implicit":50}[39m
[35m[HTTP][39m [37m<-- POST /wd/hub/session/d9687153-26b6-4231-a9cf-8230fe3724c3/timeouts [39m[32m200[39m [90m1 ms - 14[39m
[35m[HTTP][39m [90m[39m
[35m[HTTP][39m [37m-->[39m [37mGET[39m [37m/wd/hub/session/d9687153-26b6-4231-a9cf-8230fe3724c3/window/rect[39m
[35m[HTTP][39m [90m{}[39m
[35m[HTTP][39m [37m<-- GET /wd/hub/session/d9687153-26b6-4231-a9cf-8230fe3724c3/window/rect [39m[32m200[39m [90m5 ms - 50[39m
[35m[HTTP][39m [90m[39m
[35m[HTTP][39m [37m-->[39m [37mPOST[39m [37m/wd/hub/session/d9687153-26b6-4231-a9cf-8230fe3724c3/elements[39m
[35m[HTTP][39m [90m{"using":"xpath","value":"//*[@class = 'android.widget.Button' and (@text = '8' or . = '8') and @resource-id = 'com.google.android.calculator:id/digit_8']"}[39m
[35m[HTTP][39m [37m<-- POST /wd/hub/session/d9687153-26b6-4231-a9cf-8230fe3724c3/elements [39m[32m200[39m [90m38 ms - 139[39m
[35m[HTTP][39m [90m[39m
[35m[HTTP][39m [37m-->[39m [37mGET[39m [37m/wd/hub/session/d9687153-26b6-4231-a9cf-8230fe3724c3/element/00000000-0000-00fe-ffff-ffff0000005a/location[39m
[35m[HTTP][39m [90m{}[39m
[35m[W3C (d9687153)][39m Driver proxy active, passing request on via HTTP proxy
[35m[WD Proxy][39m Replacing sessionId cd2b1187-2229-4b4e-9aed-1f008e7254fc with d9687153-26b6-4231-a9cf-8230fe3724c3
[35m[HTTP][39m [37m<-- GET /wd/hub/session/d9687153-26b6-4231-a9cf-8230fe3724c3/element/00000000-0000-00fe-ffff-ffff0000005a/location [39m[32m200[39m [90m7 ms - 79[39m
[35m[HTTP][39m [90m[39m
[35m[HTTP][39m [37m-->[39m [37mPOST[39m [37m/wd/hub/session/d9687153-26b6-4231-a9cf-8230fe3724c3/timeouts[39m
[35m[HTTP][39m [90m{"implicit":30000}[39m
[35m[HTTP][39m [37m<-- POST /wd/hub/session/d9687153-26b6-4231-a9cf-8230fe3724c3/timeouts [39m[32m200[39m [90m1 ms - 14[39m
[35m[HTTP][39m [90m[39m
[35m[HTTP][39m [37m-->[39m [37mPOST[39m [37m/wd/hub/session/d9687153-26b6-4231-a9cf-8230fe3724c3/element/00000000-0000-00fe-ffff-ffff0000005a/click[39m
[35m[HTTP][39m [90m{"id":"00000000-0000-00fe-ffff-ffff0000005a"}[39m
[35m[HTTP][39m [37m<-- POST /wd/hub/session/d9687153-26b6-4231-a9cf-8230fe3724c3/element/00000000-0000-00fe-ffff-ffff0000005a/click [39m[32m200[39m [90m10046 ms - 14[39m
[35m[HTTP][39m [90m[39m
[35m[HTTP][39m [37m-->[39m [37mPOST[39m [37m/wd/hub/session/d9687153-26b6-4231-a9cf-8230fe3724c3/timeouts[39m
[35m[HTTP][39m [90m{"implicit":50}[39m
[35m[HTTP][39m [37m<-- POST /wd/hub/session/d9687153-26b6-4231-a9cf-8230fe3724c3/timeouts [39m[32m200[39m [90m1 ms - 14[39m
[35m[HTTP][39m [90m[39m
[35m[HTTP][39m [37m-->[39m [37mGET[39m [37m/wd/hub/session/d9687153-26b6-4231-a9cf-8230fe3724c3/window/rect[39m
[35m[HTTP][39m [90m{}[39m
[35m[HTTP][39m [37m<-- GET /wd/hub/session/d9687153-26b6-4231-a9cf-8230fe3724c3/window/rect [39m[32m200[39m [90m6 ms - 50[39m
[35m[HTTP][39m [90m[39m
[35m[HTTP][39m [37m-->[39m [37mPOST[39m [37m/wd/hub/session/d9687153-26b6-4231-a9cf-8230fe3724c3/elements[39m
[35m[HTTP][39m [90m{"using":"xpath","value":"//*[@class = 'android.widget.Button' and (@text = '5' or . = '5') and @resource-id = 'com.google.android.calculator:id/digit_5']"}[39m
[35m[HTTP][39m [37m<-- POST /wd/hub/session/d9687153-26b6-4231-a9cf-8230fe3724c3/elements [39m[32m200[39m [90m27 ms - 139[39m
[35m[HTTP][39m [90m[39m
[35m[HTTP][39m [37m-->[39m [37mGET[39m [37m/wd/hub/session/d9687153-26b6-4231-a9cf-8230fe3724c3/element/00000000-0000-00fe-ffff-ffff0000005e/location[39m
[35m[HTTP][39m [90m{}[39m
[35m[W3C (d9687153)][39m Driver proxy active, passing request on via HTTP proxy
[35m[WD Proxy][39m Replacing sessionId cd2b1187-2229-4b4e-9aed-1f008e7254fc with d9687153-26b6-4231-a9cf-8230fe3724c3
[35m[HTTP][39m [37m<-- GET /wd/hub/session/d9687153-26b6-4231-a9cf-8230fe3724c3/element/00000000-0000-00fe-ffff-ffff0000005e/location [39m[32m200[39m [90m8 ms - 79[39m
[35m[HTTP][39m [90m[39m
[35m[HTTP][39m [37m-->[39m [37mPOST[39m [37m/wd/hub/session/d9687153-26b6-4231-a9cf-8230fe3724c3/timeouts[39m
[35m[HTTP][39m [90m{"implicit":30000}[39m
[35m[HTTP][39m [37m<-- POST /wd/hub/session/d9687153-26b6-4231-a9cf-8230fe3724c3/timeouts [39m[32m200[39m [90m1 ms - 14[39m
[35m[HTTP][39m [90m[39m
[35m[HTTP][39m [37m-->[39m [37mPOST[39m [37m/wd/hub/session/d9687153-26b6-4231-a9cf-8230fe3724c3/element/00000000-0000-00fe-ffff-ffff0000005e/click[39m
[35m[HTTP][39m [90m{"id":"00000000-0000-00fe-ffff-ffff0000005e"}[39m
[35m[HTTP][39m [37m<-- POST /wd/hub/session/d9687153-26b6-4231-a9cf-8230fe3724c3/element/00000000-0000-00fe-ffff-ffff0000005e/click [39m[32m200[39m [90m10041 ms - 14[39m
[35m[HTTP][39m [90m[39m
[35m[HTTP][39m [37m-->[39m [37mPOST[39m [37m/wd/hub/session/d9687153-26b6-4231-a9cf-8230fe3724c3/timeouts[39m
[35m[HTTP][39m [90m{"implicit":50}[39m
[35m[HTTP][39m [37m<-- POST /wd/hub/session/d9687153-26b6-4231-a9cf-8230fe3724c3/timeouts [39m[32m200[39m [90m1 ms - 14[39m
[35m[HTTP][39m [90m[39m
[35m[HTTP][39m [37m-->[39m [37mGET[39m [37m/wd/hub/session/d9687153-26b6-4231-a9cf-8230fe3724c3/window/rect[39m
[35m[HTTP][39m [90m{}[39m
[35m[HTTP][39m [37m<-- GET /wd/hub/session/d9687153-26b6-4231-a9cf-8230fe3724c3/window/rect [39m[32m200[39m [90m6 ms - 50[39m
[35m[HTTP][39m [90m[39m
[35m[HTTP][39m [37m-->[39m [37mPOST[39m [37m/wd/hub/session/d9687153-26b6-4231-a9cf-8230fe3724c3/elements[39m
[35m[HTTP][39m [90m{"using":"xpath","value":"//*[@class = 'android.widget.Button' and (@text = '×' or . = '×') and @resource-id = 'com.google.android.calculator:id/op_mul']"}[39m
[35m[HTTP][39m [37m<-- POST /wd/hub/session/d9687153-26b6-4231-a9cf-8230fe3724c3/elements [39m[32m200[39m [90m33 ms - 139[39m
[35m[HTTP][39m [90m[39m
[35m[HTTP][39m [37m-->[39m [37mGET[39m [37m/wd/hub/session/d9687153-26b6-4231-a9cf-8230fe3724c3/element/00000000-0000-00fe-ffff-ffff0000005c/location[39m
[35m[HTTP][39m [90m{}[39m
[35m[W3C (d9687153)][39m Driver proxy active, passing request on via HTTP proxy
[35m[WD Proxy][39m Replacing sessionId cd2b1187-2229-4b4e-9aed-1f008e7254fc with d9687153-26b6-4231-a9cf-8230fe3724c3
[35m[HTTP][39m [37m<-- GET /wd/hub/session/d9687153-26b6-4231-a9cf-8230fe3724c3/element/00000000-0000-00fe-ffff-ffff0000005c/location [39m[32m200[39m [90m15 ms - 80[39m
[35m[HTTP][39m [90m[39m
[35m[HTTP][39m [37m-->[39m [37mPOST[39m [37m/wd/hub/session/d9687153-26b6-4231-a9cf-8230fe3724c3/timeouts[39m
[35m[HTTP][39m [90m{"implicit":30000}[39m
[35m[HTTP][39m [37m<-- POST /wd/hub/session/d9687153-26b6-4231-a9cf-8230fe3724c3/timeouts [39m[32m200[39m [90m1 ms - 14[39m
[35m[HTTP][39m [90m[39m
[35m[HTTP][39m [37m-->[39m [37mPOST[39m [37m/wd/hub/session/d9687153-26b6-4231-a9cf-8230fe3724c3/element/00000000-0000-00fe-ffff-ffff0000005c/click[39m
[35m[HTTP][39m [90m{"id":"00000000-0000-00fe-ffff-ffff0000005c"}[39m
[35m[HTTP][39m [37m<-- POST /wd/hub/session/d9687153-26b6-4231-a9cf-8230fe3724c3/element/00000000-0000-00fe-ffff-ffff0000005c/click [39m[32m200[39m [90m10050 ms - 14[39m
[35m[HTTP][39m [90m[39m
[35m[HTTP][39m [37m-->[39m [37mPOST[39m [37m/wd/hub/session/d9687153-26b6-4231-a9cf-8230fe3724c3/timeouts[39m
[35m[HTTP][39m [90m{"implicit":50}[39m
[35m[HTTP][39m [37m<-- POST /wd/hub/session/d9687153-26b6-4231-a9cf-8230fe3724c3/timeouts [39m[32m200[39m [90m1 ms - 14[39m
[35m[HTTP][39m [90m[39m
[35m[HTTP][39m [37m-->[39m [37mGET[39m [37m/wd/hub/session/d9687153-26b6-4231-a9cf-8230fe3724c3/window/rect[39m
[35m[HTTP][39m [90m{}[39m
[35m[HTTP][39m [37m<-- GET /wd/hub/session/d9687153-26b6-4231-a9cf-8230fe3724c3/window/rect [39m[32m200[39m [90m5 ms - 50[39m
[35m[HTTP][39m [90m[39m
[35m[HTTP][39m [37m-->[39m [37mPOST[39m [37m/wd/hub/session/d9687153-26b6-4231-a9cf-8230fe3724c3/elements[39m
[35m[HTTP][39m [90m{"using":"xpath","value":"//*[@class = 'android.widget.Button' and (@text = '5' or . = '5') and @resource-id = 'com.google.android.calculator:id/digit_5']"}[39m
[35m[HTTP][39m [37m<-- POST /wd/hub/session/d9687153-26b6-4231-a9cf-8230fe3724c3/elements [39m[32m200[39m [90m39 ms - 139[39m
[35m[HTTP][39m [90m[39m
[35m[HTTP][39m [37m-->[39m [37mGET[39m [37m/wd/hub/session/d9687153-26b6-4231-a9cf-8230fe3724c3/element/00000000-0000-00fe-ffff-ffff0000005e/location[39m
[35m[HTTP][39m [90m{}[39m
[35m[W3C (d9687153)][39m Driver proxy active, passing request on via HTTP proxy
[35m[WD Proxy][39m Replacing sessionId cd2b1187-2229-4b4e-9aed-1f008e7254fc with d9687153-26b6-4231-a9cf-8230fe3724c3
[35m[HTTP][39m [37m<-- GET /wd/hub/session/d9687153-26b6-4231-a9cf-8230fe3724c3/element/00000000-0000-00fe-ffff-ffff0000005e/location [39m[32m200[39m [90m8 ms - 79[39m
[35m[HTTP][39m [90m[39m
[35m[HTTP][39m [37m-->[39m [37mPOST[39m [37m/wd/hub/session/d9687153-26b6-4231-a9cf-8230fe3724c3/timeouts[39m
[35m[HTTP][39m [90m{"implicit":30000}[39m
[35m[HTTP][39m [37m<-- POST /wd/hub/session/d9687153-26b6-4231-a9cf-8230fe3724c3/timeouts [39m[32m200[39m [90m1 ms - 14[39m
[35m[HTTP][39m [90m[39m
[35m[HTTP][39m [37m-->[39m [37mPOST[39m [37m/wd/hub/session/d9687153-26b6-4231-a9cf-8230fe3724c3/element/00000000-0000-00fe-ffff-ffff0000005e/click[39m
[35m[HTTP][39m [90m{"id":"00000000-0000-00fe-ffff-ffff0000005e"}[39m
[35m[HTTP][39m [37m<-- POST /wd/hub/session/d9687153-26b6-4231-a9cf-8230fe3724c3/element/00000000-0000-00fe-ffff-ffff0000005e/click [39m[32m200[39m [90m10047 ms - 14[39m
[35m[HTTP][39m [90m[39m
[35m[HTTP][39m [37m-->[39m [37mPOST[39m [37m/wd/hub/session/d9687153-26b6-4231-a9cf-8230fe3724c3/timeouts[39m
[35m[HTTP][39m [90m{"implicit":50}[39m
[35m[HTTP][39m [37m<-- POST /wd/hub/session/d9687153-26b6-4231-a9cf-8230fe3724c3/timeouts [39m[32m200[39m [90m1 ms - 14[39m
[35m[HTTP][39m [90m[39m
[35m[HTTP][39m [37m-->[39m [37mGET[39m [37m/wd/hub/session/d9687153-26b6-4231-a9cf-8230fe3724c3/window/rect[39m
[35m[HTTP][39m [90m{}[39m
[35m[HTTP][39m [37m<-- GET /wd/hub/session/d9687153-26b6-4231-a9cf-8230fe3724c3/window/rect [39m[32m200[39m [90m6 ms - 50[39m
[35m[HTTP][39m [90m[39m
[35m[HTTP][39m [37m-->[39m [37mPOST[39m [37m/wd/hub/session/d9687153-26b6-4231-a9cf-8230fe3724c3/elements[39m
[35m[HTTP][39m [90m{"using":"xpath","value":"//*[@class = 'android.widget.Button' and (@text = '=' or . = '=') and @resource-id = 'com.google.android.calculator:id/eq']"}[39m
[35m[HTTP][39m [37m<-- POST /wd/hub/session/d9687153-26b6-4231-a9cf-8230fe3724c3/elements [39m[32m200[39m [90m36 ms - 139[39m
[35m[HTTP][39m [90m[39m
[35m[HTTP][39m [37m-->[39m [37mGET[39m [37m/wd/hub/session/d9687153-26b6-4231-a9cf-8230fe3724c3/element/00000000-0000-00fe-ffff-ffff00000068/location[39m
[35m[HTTP][39m [90m{}[39m
[35m[W3C (d9687153)][39m Driver proxy active, passing request on via HTTP proxy
[35m[WD Proxy][39m Replacing sessionId cd2b1187-2229-4b4e-9aed-1f008e7254fc with d9687153-26b6-4231-a9cf-8230fe3724c3
[35m[HTTP][39m [37m<-- GET /wd/hub/session/d9687153-26b6-4231-a9cf-8230fe3724c3/element/00000000-0000-00fe-ffff-ffff00000068/location [39m[32m200[39m [90m8 ms - 80[39m
[35m[HTTP][39m [90m[39m
[35m[HTTP][39m [37m-->[39m [37mPOST[39m [37m/wd/hub/session/d9687153-26b6-4231-a9cf-8230fe3724c3/timeouts[39m
[35m[HTTP][39m [90m{"implicit":30000}[39m
[35m[HTTP][39m [37m<-- POST /wd/hub/session/d9687153-26b6-4231-a9cf-8230fe3724c3/timeouts [39m[32m200[39m [90m1 ms - 14[39m
[35m[HTTP][39m [90m[39m
[35m[HTTP][39m [37m-->[39m [37mPOST[39m [37m/wd/hub/session/d9687153-26b6-4231-a9cf-8230fe3724c3/element/00000000-0000-00fe-ffff-ffff00000068/click[39m
[35m[HTTP][39m [90m{"id":"00000000-0000-00fe-ffff-ffff00000068"}[39m
[35m[HTTP][39m [37m<-- POST /wd/hub/session/d9687153-26b6-4231-a9cf-8230fe3724c3/element/00000000-0000-00fe-ffff-ffff00000068/click [39m[32m200[39m [90m10047 ms - 14[39m
[35m[HTTP][39m [90m[39m
[35m[HTTP][39m [37m-->[39m [37mDELETE[39m [37m/wd/hub/session/d9687153-26b6-4231-a9cf-8230fe3724c3[39m
[35m[HTTP][39m [90m{}[39m
[35m[Appium][39m Removing session d9687153-26b6-4231-a9cf-8230fe3724c3 from our master session list
[35m[ADB][39m com.google.android.calculator was successfully uninstalled
[35m[UiAutomator2][39m Restoring hidden api policy to the device default configuration
[35m[HTTP][39m [37m<-- DELETE /wd/hub/session/d9687153-26b6-4231-a9cf-8230fe3724c3 [39m[32m200[39m [90m517 ms - 14[39m
[35m[HTTP][39m [90m[39m
