[35m[Appium][39m Welcome to Appium v1.22.0
[35m[Appium][39m Non-default server args:
[35m[Appium][39m   port: 58934
[35m[Appium][39m   loglevel: info
[35m[Appium][39m   tmpDir: C:\Users\zaena\AppData\Local\Temp\\Katalon\Appium\Temp1689585195794
[35m[Appium][39m   chromedriverPort: 58935
[35m[Appium][39m Deprecated server args:
[35m[Appium][39m   [31m--chromedriver-port[39m => --default-capabilities
[35m[Appium][39m Default capabilities, which will be added to each request unless overridden by desired capabilities:
[35m[Appium][39m   chromedriverPort: 58935
[35m[Appium][39m Appium REST http interface listener started on 0.0.0.0:58934
[35m[HTTP][39m [37m-->[39m [37mGET[39m [37m/wd/hub/status[39m
[35m[HTTP][39m [90m{}[39m
[35m[HTTP][39m [37m<-- GET /wd/hub/status [39m[32m200[39m [90m4 ms - 68[39m
[35m[HTTP][39m [90m[39m
[35m[HTTP][39m [37m-->[39m [37mGET[39m [37m/wd/hub/status[39m
[35m[HTTP][39m [90m{}[39m
[35m[HTTP][39m [37m<-- GET /wd/hub/status [39m[32m200[39m [90m1 ms - 68[39m
[35m[HTTP][39m [90m[39m
[35m[HTTP][39m [37m-->[39m [37mPOST[39m [37m/wd/hub/session[39m
[35m[HTTP][39m [90m{"desiredCapabilities":{"app":"C:\\Users\\zaena\\Desktop\\Calculator_v8.1.apk","noReset":true,"deviceName":"emulator-5554 (sdk_gphone_x86_64 - Android 13)","fullReset":false,"platform":"ANDROID","newCommandTimeout":1800,"platformVersion":"13","automationName":"uiautomator2","autoGrantPermissions":true,"platformName":"Android","udid":"emulator-5554","systemPort":58941},"capabilities":{"firstMatch":[{"appium:app":"C:\\Users\\zaena\\Desktop\\Calculator_v8.1.apk","appium:autoGrantPermissions":true,"appium:automationName":"uiautomator2","appium:deviceName":"emulator-5554 (sdk_gphone_x86_64 - Android 13)","appium:fullReset":false,"appium:newCommandTimeout":1800,"appium:noReset":true,"platform":"ANDROID","platformName":"android","appium:platformVersion":"13","appium:systemPort":58941,"appium:udid":"emulator-5554"}]}}[39m
[35m[BaseDriver][39m The following capabilities are not standard capabilities and should have an extension prefix:
[35m[BaseDriver][39m   platform
[35m[BaseDriver][39m   chromedriverPort
[35m[Appium][39m Appium v1.22.0 creating new AndroidUiautomator2Driver (v1.69.0) session
[35m[BaseDriver][39m The following capabilities were provided, but are not recognized by Appium:
[35m[BaseDriver][39m   platform
[35m[BaseDriver][39m Session created with session id: 7c11dff4-7a5f-45d1-ba06-8cf57b9e5d80
[35m[BaseDriver][39m Using local app 'C:\Users\zaena\Desktop\Calculator_v8.1.apk'
[35m[ADB][39m Found 1 'build-tools' folders under 'C:\Users\zaena\AppData\Local\Android\Sdk' (newest first):
[35m[ADB][39m     C:/Users/zaena/AppData/Local/Android/Sdk/build-tools/34.0.0
[35m[ADB][39m Using 'adb.exe' from 'C:\Users\zaena\AppData\Local\Android\Sdk\platform-tools\adb.exe'
[35m[AndroidDriver][39m Retrieving device list
[35m[AndroidDriver][39m Using device: emulator-5554
[35m[ADB][39m Using 'adb.exe' from 'C:\Users\zaena\AppData\Local\Android\Sdk\platform-tools\adb.exe'
[35m[ADB][39m Getting device platform version
[35m[UiAutomator2][39m Relaxing hidden api policy
[35m[ADB][39m Package name: 'com.google.android.calculator'
[35m[ADB][39m Main activity name: 'com.android.calculator2.Calculator'
[35m[ADB][39m Using 'apksigner.jar' from 'C:\Users\zaena\AppData\Local\Android\Sdk\build-tools\34.0.0\lib\apksigner.jar'
[35m[ADB][39m 'C:\Users\zaena\AppData\Roaming\npm\node_modules\appium\node_modules\appium-uiautomator2-server\apks\appium-uiautomator2-server-v4.24.0.apk' is signed with the default certificate
[35m[ADB][39m 'C:\Users\zaena\AppData\Roaming\npm\node_modules\appium\node_modules\appium-uiautomator2-server\apks\appium-uiautomator2-server-debug-androidTest.apk' is signed with the default certificate
[35m[UiAutomator2][39m Server packages are not going to be (re)installed
[35m[ADB][39m Adding packages ["io.appium.settings","io.appium.uiautomator2.server","io.appium.uiautomator2.server.test"] to Doze whitelist
[35m[ADB][39m 'C:\Users\zaena\Desktop\Calculator_v8.1.apk' is signed with a non-default certificate
[35m[ADB][39m The application at 'C:\Users\zaena\Desktop\Calculator_v8.1.apk' will not be cached, because the device under test has confirmed the support of streamed installs
[35m[ADB][39m The installation of 'Calculator_v8.1.apk' took 294ms
[35m[UiAutomator2][39m Starting UIAutomator2 server 4.24.0
[35m[UiAutomator2][39m Using UIAutomator2 server from 'C:\Users\zaena\AppData\Roaming\npm\node_modules\appium\node_modules\appium-uiautomator2-server\apks\appium-uiautomator2-server-v4.24.0.apk' and test from 'C:\Users\zaena\AppData\Roaming\npm\node_modules\appium\node_modules\appium-uiautomator2-server\apks\appium-uiautomator2-server-debug-androidTest.apk'
[35m[UiAutomator2][39m Waiting up to 30000ms for UiAutomator2 to be online...
[35m[WD Proxy][39m socket hang up
[35m[WD Proxy][39m socket hang up
[35m[WD Proxy][39m Determined the downstream protocol as 'W3C'
[35m[AndroidDriver][39m Screen already unlocked, doing nothing
[35m[UiAutomator2][39m Starting 'com.google.android.calculator/com.android.calculator2.Calculator and waiting for 'com.google.android.calculator/com.android.calculator2.Calculator'
[35m[Appium][39m New AndroidUiautomator2Driver session created successfully, session 7c11dff4-7a5f-45d1-ba06-8cf57b9e5d80 added to master session list
[35m[HTTP][39m [37m<-- POST /wd/hub/session [39m[32m200[39m [90m5266 ms - 1288[39m
[35m[HTTP][39m [90m[39m
[35m[HTTP][39m [37m-->[39m [37mGET[39m [37m/wd/hub/session/7c11dff4-7a5f-45d1-ba06-8cf57b9e5d80[39m
[35m[HTTP][39m [90m{}[39m
[35m[HTTP][39m [37m<-- GET /wd/hub/session/7c11dff4-7a5f-45d1-ba06-8cf57b9e5d80 [39m[32m200[39m [90m7 ms - 1242[39m
[35m[HTTP][39m [90m[39m
[35m[HTTP][39m [37m-->[39m [37mGET[39m [37m/wd/hub/session/7c11dff4-7a5f-45d1-ba06-8cf57b9e5d80[39m
[35m[HTTP][39m [90m{}[39m
[35m[HTTP][39m [37m<-- GET /wd/hub/session/7c11dff4-7a5f-45d1-ba06-8cf57b9e5d80 [39m[32m200[39m [90m8 ms - 1242[39m
[35m[HTTP][39m [90m[39m
[35m[HTTP][39m [37m-->[39m [37mGET[39m [37m/wd/hub/status[39m
[35m[HTTP][39m [90m{}[39m
[35m[HTTP][39m [37m<-- GET /wd/hub/status [39m[32m200[39m [90m1 ms - 68[39m
[35m[HTTP][39m [90m[39m
[35m[HTTP][39m [37m-->[39m [37mPOST[39m [37m/wd/hub/session/7c11dff4-7a5f-45d1-ba06-8cf57b9e5d80/timeouts[39m
[35m[HTTP][39m [90m{"implicit":60000}[39m
[35m[HTTP][39m [37m<-- POST /wd/hub/session/7c11dff4-7a5f-45d1-ba06-8cf57b9e5d80/timeouts [39m[32m200[39m [90m2 ms - 14[39m
[35m[HTTP][39m [90m[39m
[35m[HTTP][39m [37m-->[39m [37mGET[39m [37m/wd/hub/session/7c11dff4-7a5f-45d1-ba06-8cf57b9e5d80/source[39m
[35m[HTTP][39m [90m{}[39m
[35m[W3C (7c11dff4)][39m Driver proxy active, passing request on via HTTP proxy
[35m[WD Proxy][39m Replacing sessionId 9f01745a-9b67-4394-bac9-0d77c00b2f9f with 7c11dff4-7a5f-45d1-ba06-8cf57b9e5d80
[35m[HTTP][39m [37m<-- GET /wd/hub/session/7c11dff4-7a5f-45d1-ba06-8cf57b9e5d80/source [39m[32m200[39m [90m1196 ms - 19722[39m
[35m[HTTP][39m [90m[39m
[35m[HTTP][39m [37m-->[39m [37mGET[39m [37m/wd/hub/session/7c11dff4-7a5f-45d1-ba06-8cf57b9e5d80/screenshot[39m
[35m[HTTP][39m [90m{}[39m
[35m[HTTP][39m [37m<-- GET /wd/hub/session/7c11dff4-7a5f-45d1-ba06-8cf57b9e5d80/screenshot [39m[32m200[39m [90m320 ms - 236656[39m
[35m[HTTP][39m [90m[39m
[35m[HTTP][39m [37m-->[39m [37mGET[39m [37m/wd/hub/session/7c11dff4-7a5f-45d1-ba06-8cf57b9e5d80/source[39m
[35m[HTTP][39m [90m{}[39m
[35m[W3C (7c11dff4)][39m Driver proxy active, passing request on via HTTP proxy
[35m[WD Proxy][39m Replacing sessionId 9f01745a-9b67-4394-bac9-0d77c00b2f9f with 7c11dff4-7a5f-45d1-ba06-8cf57b9e5d80
[35m[HTTP][39m [37m<-- GET /wd/hub/session/7c11dff4-7a5f-45d1-ba06-8cf57b9e5d80/source [39m[32m200[39m [90m47 ms - 19722[39m
[35m[HTTP][39m [90m[39m
[35m[HTTP][39m [37m-->[39m [37mGET[39m [37m/wd/hub/session/7c11dff4-7a5f-45d1-ba06-8cf57b9e5d80/screenshot[39m
[35m[HTTP][39m [90m{}[39m
[35m[HTTP][39m [37m<-- GET /wd/hub/session/7c11dff4-7a5f-45d1-ba06-8cf57b9e5d80/screenshot [39m[32m200[39m [90m260 ms - 236660[39m
[35m[HTTP][39m [90m[39m
[35m[HTTP][39m [37m-->[39m [37mGET[39m [37m/wd/hub/session/7c11dff4-7a5f-45d1-ba06-8cf57b9e5d80/source[39m
[35m[HTTP][39m [90m{}[39m
[35m[W3C (7c11dff4)][39m Driver proxy active, passing request on via HTTP proxy
[35m[WD Proxy][39m Replacing sessionId 9f01745a-9b67-4394-bac9-0d77c00b2f9f with 7c11dff4-7a5f-45d1-ba06-8cf57b9e5d80
[35m[HTTP][39m [37m<-- GET /wd/hub/session/7c11dff4-7a5f-45d1-ba06-8cf57b9e5d80/source [39m[32m200[39m [90m41 ms - 19722[39m
[35m[HTTP][39m [90m[39m
[35m[HTTP][39m [37m-->[39m [37mGET[39m [37m/wd/hub/session/7c11dff4-7a5f-45d1-ba06-8cf57b9e5d80/screenshot[39m
[35m[HTTP][39m [90m{}[39m
[35m[HTTP][39m [37m<-- GET /wd/hub/session/7c11dff4-7a5f-45d1-ba06-8cf57b9e5d80/screenshot [39m[32m200[39m [90m267 ms - 236620[39m
[35m[HTTP][39m [90m[39m
[35m[HTTP][39m [37m-->[39m [37mPOST[39m [37m/wd/hub/session/7c11dff4-7a5f-45d1-ba06-8cf57b9e5d80/elements[39m
[35m[HTTP][39m [90m{"using":"xpath","value":"//*[@class = 'android.widget.Button' and (@text = '⌫' or . = '⌫') and @resource-id = 'com.google.android.calculator:id/del']"}[39m
[35m[HTTP][39m [37m<-- POST /wd/hub/session/7c11dff4-7a5f-45d1-ba06-8cf57b9e5d80/elements [39m[32m200[39m [90m57 ms - 139[39m
[35m[HTTP][39m [90m[39m
[35m[HTTP][39m [37m-->[39m [37mPOST[39m [37m/wd/hub/session/7c11dff4-7a5f-45d1-ba06-8cf57b9e5d80/elements[39m
[35m[HTTP][39m [90m{"using":"xpath","value":"//*[@class = 'android.widget.Button' and (@text = '•' or . = '•') and @resource-id = 'com.google.android.calculator:id/dec_point']"}[39m
[35m[HTTP][39m [37m<-- POST /wd/hub/session/7c11dff4-7a5f-45d1-ba06-8cf57b9e5d80/elements [39m[32m200[39m [90m27 ms - 139[39m
[35m[HTTP][39m [90m[39m
[35m[HTTP][39m [37m-->[39m [37mPOST[39m [37m/wd/hub/session/7c11dff4-7a5f-45d1-ba06-8cf57b9e5d80/elements[39m
[35m[HTTP][39m [90m{"using":"xpath","value":"//*[@class = 'android.widget.Button' and (@text = '−' or . = '−') and @resource-id = 'com.google.android.calculator:id/op_sub']"}[39m
[35m[HTTP][39m [37m<-- POST /wd/hub/session/7c11dff4-7a5f-45d1-ba06-8cf57b9e5d80/elements [39m[32m200[39m [90m46 ms - 139[39m
[35m[HTTP][39m [90m[39m
[35m[HTTP][39m [37m-->[39m [37mPOST[39m [37m/wd/hub/session/7c11dff4-7a5f-45d1-ba06-8cf57b9e5d80/elements[39m
[35m[HTTP][39m [90m{"using":"xpath","value":"//*[@class = 'android.widget.Button' and (@text = '×' or . = '×') and @resource-id = 'com.google.android.calculator:id/op_mul']"}[39m
[35m[HTTP][39m [37m<-- POST /wd/hub/session/7c11dff4-7a5f-45d1-ba06-8cf57b9e5d80/elements [39m[32m200[39m [90m50 ms - 139[39m
[35m[HTTP][39m [90m[39m
[35m[HTTP][39m [37m-->[39m [37mPOST[39m [37m/wd/hub/session/7c11dff4-7a5f-45d1-ba06-8cf57b9e5d80/elements[39m
[35m[HTTP][39m [90m{"using":"xpath","value":"//*[@class = 'android.widget.Button' and (@text = '÷' or . = '÷') and @resource-id = 'com.google.android.calculator:id/op_div']"}[39m
[35m[HTTP][39m [37m<-- POST /wd/hub/session/7c11dff4-7a5f-45d1-ba06-8cf57b9e5d80/elements [39m[32m200[39m [90m48 ms - 139[39m
[35m[HTTP][39m [90m[39m
[35m[HTTP][39m [37m-->[39m [37mPOST[39m [37m/wd/hub/session/7c11dff4-7a5f-45d1-ba06-8cf57b9e5d80/elements[39m
[35m[HTTP][39m [90m{"using":"xpath","value":"//*[@class = 'android.widget.Button' and (@text = '%' or . = '%') and @resource-id = 'com.google.android.calculator:id/op_pct']"}[39m
[35m[HTTP][39m [37m<-- POST /wd/hub/session/7c11dff4-7a5f-45d1-ba06-8cf57b9e5d80/elements [39m[32m200[39m [90m40 ms - 139[39m
[35m[HTTP][39m [90m[39m
[35m[HTTP][39m [37m-->[39m [37mPOST[39m [37m/wd/hub/session/7c11dff4-7a5f-45d1-ba06-8cf57b9e5d80/elements[39m
[35m[HTTP][39m [90m{"using":"xpath","value":"//*[@class = 'android.widget.Button' and (@text = '( )' or . = '( )') and @resource-id = 'com.google.android.calculator:id/parens']"}[39m
[35m[HTTP][39m [37m<-- POST /wd/hub/session/7c11dff4-7a5f-45d1-ba06-8cf57b9e5d80/elements [39m[32m200[39m [90m43 ms - 139[39m
[35m[HTTP][39m [90m[39m
[35m[HTTP][39m [37m-->[39m [37mPOST[39m [37m/wd/hub/session/7c11dff4-7a5f-45d1-ba06-8cf57b9e5d80/elements[39m
[35m[HTTP][39m [90m{"using":"xpath","value":"//*[@class = 'android.widget.Button' and (@text = 'AC' or . = 'AC') and @resource-id = 'com.google.android.calculator:id/clr']"}[39m
[35m[HTTP][39m [37m<-- POST /wd/hub/session/7c11dff4-7a5f-45d1-ba06-8cf57b9e5d80/elements [39m[32m200[39m [90m23 ms - 139[39m
[35m[HTTP][39m [90m[39m
[35m[HTTP][39m [37m-->[39m [37mPOST[39m [37m/wd/hub/session/7c11dff4-7a5f-45d1-ba06-8cf57b9e5d80/elements[39m
[35m[HTTP][39m [90m{"using":"xpath","value":"//*[@class = 'android.widget.ImageButton' and @resource-id = 'com.google.android.calculator:id/collapse_expand' and (@text = '' or . = '')]"}[39m
[35m[HTTP][39m [37m<-- POST /wd/hub/session/7c11dff4-7a5f-45d1-ba06-8cf57b9e5d80/elements [39m[32m200[39m [90m23 ms - 139[39m
[35m[HTTP][39m [90m[39m
[35m[HTTP][39m [37m-->[39m [37mPOST[39m [37m/wd/hub/session/7c11dff4-7a5f-45d1-ba06-8cf57b9e5d80/elements[39m
[35m[HTTP][39m [90m{"using":"xpath","value":"//*[@class = 'android.widget.Button' and (@text = '^' or . = '^') and @resource-id = 'com.google.android.calculator:id/op_pow']"}[39m
[35m[HTTP][39m [37m<-- POST /wd/hub/session/7c11dff4-7a5f-45d1-ba06-8cf57b9e5d80/elements [39m[32m200[39m [90m24 ms - 139[39m
[35m[HTTP][39m [90m[39m
[35m[HTTP][39m [37m-->[39m [37mPOST[39m [37m/wd/hub/session/7c11dff4-7a5f-45d1-ba06-8cf57b9e5d80/elements[39m
[35m[HTTP][39m [90m{"using":"xpath","value":"//*[@class = 'android.widget.Button' and (@text = '√' or . = '√') and @resource-id = 'com.google.android.calculator:id/op_sqrt']"}[39m
[35m[HTTP][39m [37m<-- POST /wd/hub/session/7c11dff4-7a5f-45d1-ba06-8cf57b9e5d80/elements [39m[32m200[39m [90m42 ms - 139[39m
[35m[HTTP][39m [90m[39m
[35m[HTTP][39m [37m-->[39m [37mPOST[39m [37m/wd/hub/session/7c11dff4-7a5f-45d1-ba06-8cf57b9e5d80/elements[39m
[35m[HTTP][39m [90m{"using":"xpath","value":"//*[@class = 'android.widget.TextView' and @resource-id = 'com.google.android.calculator:id/result_preview' and (@text = '' or . = '')]"}[39m
[35m[HTTP][39m [37m<-- POST /wd/hub/session/7c11dff4-7a5f-45d1-ba06-8cf57b9e5d80/elements [39m[32m200[39m [90m41 ms - 139[39m
[35m[HTTP][39m [90m[39m
[35m[HTTP][39m [37m-->[39m [37mPOST[39m [37m/wd/hub/session/7c11dff4-7a5f-45d1-ba06-8cf57b9e5d80/elements[39m
[35m[HTTP][39m [90m{"using":"xpath","value":"//*[@class = 'android.widget.TextView' and @resource-id = 'com.google.android.calculator:id/result_preview' and (@text = '' or . = '')]"}[39m
[35m[HTTP][39m [37m<-- POST /wd/hub/session/7c11dff4-7a5f-45d1-ba06-8cf57b9e5d80/elements [39m[32m200[39m [90m32 ms - 139[39m
[35m[HTTP][39m [90m[39m
[35m[HTTP][39m [37m-->[39m [37mPOST[39m [37m/wd/hub/session/7c11dff4-7a5f-45d1-ba06-8cf57b9e5d80/elements[39m
[35m[HTTP][39m [90m{"using":"xpath","value":"//*[@class = 'android.widget.TextView' and @resource-id = 'com.google.android.calculator:id/formula' and (@text = '' or . = '')]"}[39m
[35m[HTTP][39m [37m<-- POST /wd/hub/session/7c11dff4-7a5f-45d1-ba06-8cf57b9e5d80/elements [39m[32m200[39m [90m31 ms - 139[39m
[35m[HTTP][39m [90m[39m
[35m[HTTP][39m [37m-->[39m [37mDELETE[39m [37m/wd/hub/session/7c11dff4-7a5f-45d1-ba06-8cf57b9e5d80[39m
[35m[HTTP][39m [90m{}[39m
[35m[Appium][39m Removing session 7c11dff4-7a5f-45d1-ba06-8cf57b9e5d80 from our master session list
[35m[UiAutomator2][39m Restoring hidden api policy to the device default configuration
[35m[HTTP][39m [37m<-- DELETE /wd/hub/session/7c11dff4-7a5f-45d1-ba06-8cf57b9e5d80 [39m[32m200[39m [90m243 ms - 14[39m
[35m[HTTP][39m [90m[39m
