[35m[Appium][39m Welcome to Appium v1.22.0
[35m[Appium][39m Non-default server args:
[35m[Appium][39m   port: 60108
[35m[Appium][39m   loglevel: info
[35m[Appium][39m   tmpDir: C:\Users\zaena\AppData\Local\Temp\\Katalon\Appium\Temp1689586809330
[35m[Appium][39m   chromedriverPort: 60109
[35m[Appium][39m Deprecated server args:
[35m[Appium][39m   [31m--chromedriver-port[39m => --default-capabilities
[35m[Appium][39m Default capabilities, which will be added to each request unless overridden by desired capabilities:
[35m[Appium][39m   chromedriverPort: 60109
[35m[Appium][39m Appium REST http interface listener started on 0.0.0.0:60108
[35m[HTTP][39m [37m-->[39m [37mGET[39m [37m/wd/hub/status[39m
[35m[HTTP][39m [90m{}[39m
[35m[HTTP][39m [37m<-- GET /wd/hub/status [39m[32m200[39m [90m4 ms - 68[39m
[35m[HTTP][39m [90m[39m
[35m[HTTP][39m [37m-->[39m [37mPOST[39m [37m/wd/hub/session[39m
[35m[HTTP][39m [90m{"desiredCapabilities":{"app":"C:\\Users\\zaena\\Desktop\\Calculator_v8.1.apk","noReset":false,"deviceName":"emulator-5554 (sdk_gphone_x86_64 - Android 13)","fullReset":true,"platform":"ANDROID","newCommandTimeout":1800,"platformVersion":"13","automationName":"uiautomator2","autoGrantPermissions":true,"platformName":"Android","udid":"emulator-5554","systemPort":60107},"capabilities":{"firstMatch":[{"appium:app":"C:\\Users\\zaena\\Desktop\\Calculator_v8.1.apk","appium:autoGrantPermissions":true,"appium:automationName":"uiautomator2","appium:deviceName":"emulator-5554 (sdk_gphone_x86_64 - Android 13)","appium:fullReset":true,"appium:newCommandTimeout":1800,"appium:noReset":false,"platform":"ANDROID","platformName":"android","appium:platformVersion":"13","appium:systemPort":60107,"appium:udid":"emulator-5554"}]}}[39m
[35m[BaseDriver][39m The following capabilities are not standard capabilities and should have an extension prefix:
[35m[BaseDriver][39m   platform
[35m[BaseDriver][39m   chromedriverPort
[35m[Appium][39m Appium v1.22.0 creating new AndroidUiautomator2Driver (v1.69.0) session
[35m[BaseDriver][39m The following capabilities were provided, but are not recognized by Appium:
[35m[BaseDriver][39m   platform
[35m[BaseDriver][39m Session created with session id: ed13e518-89d0-4a53-b4e6-51d918351bf7
[35m[BaseDriver][39m Using local app 'C:\Users\zaena\Desktop\Calculator_v8.1.apk'
[35m[ADB][39m Found 1 'build-tools' folders under 'C:\Users\zaena\AppData\Local\Android\Sdk' (newest first):
[35m[ADB][39m     C:/Users/zaena/AppData/Local/Android/Sdk/build-tools/34.0.0
[35m[ADB][39m Using 'adb.exe' from 'C:\Users\zaena\AppData\Local\Android\Sdk\platform-tools\adb.exe'
[35m[AndroidDriver][39m Retrieving device list
[35m[AndroidDriver][39m Using device: emulator-5554
[35m[ADB][39m Using 'adb.exe' from 'C:\Users\zaena\AppData\Local\Android\Sdk\platform-tools\adb.exe'
[35m[ADB][39m Getting device platform version
[35m[UiAutomator2][39m Relaxing hidden api policy
[35m[ADB][39m Package name: 'com.google.android.calculator'
[35m[ADB][39m Main activity name: 'com.android.calculator2.Calculator'
[35m[ADB][39m Using 'apksigner.jar' from 'C:\Users\zaena\AppData\Local\Android\Sdk\build-tools\34.0.0\lib\apksigner.jar'
[35m[ADB][39m 'C:\Users\zaena\AppData\Roaming\npm\node_modules\appium\node_modules\appium-uiautomator2-server\apks\appium-uiautomator2-server-v4.24.0.apk' is signed with the default certificate
[35m[ADB][39m 'C:\Users\zaena\AppData\Roaming\npm\node_modules\appium\node_modules\appium-uiautomator2-server\apks\appium-uiautomator2-server-debug-androidTest.apk' is signed with the default certificate
[35m[UiAutomator2][39m Server packages are not going to be (re)installed
[35m[ADB][39m Adding packages ["io.appium.settings","io.appium.uiautomator2.server","io.appium.uiautomator2.server.test"] to Doze whitelist
[35m[ADB][39m 'C:\Users\zaena\Desktop\Calculator_v8.1.apk' is signed with a non-default certificate
[35m[ADB][39m com.google.android.calculator was not uninstalled, because it was not present on the device
[35m[ADB][39m The application at 'C:\Users\zaena\Desktop\Calculator_v8.1.apk' will not be cached, because the device under test has confirmed the support of streamed installs
[35m[ADB][39m The installation of 'Calculator_v8.1.apk' took 236ms
[35m[UiAutomator2][39m Starting UIAutomator2 server 4.24.0
[35m[UiAutomator2][39m Using UIAutomator2 server from 'C:\Users\zaena\AppData\Roaming\npm\node_modules\appium\node_modules\appium-uiautomator2-server\apks\appium-uiautomator2-server-v4.24.0.apk' and test from 'C:\Users\zaena\AppData\Roaming\npm\node_modules\appium\node_modules\appium-uiautomator2-server\apks\appium-uiautomator2-server-debug-androidTest.apk'
[35m[UiAutomator2][39m Waiting up to 30000ms for UiAutomator2 to be online...
[35m[WD Proxy][39m socket hang up
[35m[WD Proxy][39m socket hang up
[35m[WD Proxy][39m Determined the downstream protocol as 'W3C'
[35m[AndroidDriver][39m Screen already unlocked, doing nothing
[35m[UiAutomator2][39m Starting 'com.google.android.calculator/com.android.calculator2.Calculator and waiting for 'com.google.android.calculator/com.android.calculator2.Calculator'
[35m[Appium][39m New AndroidUiautomator2Driver session created successfully, session ed13e518-89d0-4a53-b4e6-51d918351bf7 added to master session list
[35m[HTTP][39m [37m<-- POST /wd/hub/session [39m[32m200[39m [90m5153 ms - 1288[39m
[35m[HTTP][39m [90m[39m
[35m[HTTP][39m [37m-->[39m [37mGET[39m [37m/wd/hub/session/ed13e518-89d0-4a53-b4e6-51d918351bf7[39m
[35m[HTTP][39m [90m{}[39m
[35m[HTTP][39m [37m<-- GET /wd/hub/session/ed13e518-89d0-4a53-b4e6-51d918351bf7 [39m[32m200[39m [90m9 ms - 1242[39m
[35m[HTTP][39m [90m[39m
[35m[HTTP][39m [37m-->[39m [37mGET[39m [37m/wd/hub/session/ed13e518-89d0-4a53-b4e6-51d918351bf7[39m
[35m[HTTP][39m [90m{}[39m
[35m[HTTP][39m [37m<-- GET /wd/hub/session/ed13e518-89d0-4a53-b4e6-51d918351bf7 [39m[32m200[39m [90m6 ms - 1242[39m
[35m[HTTP][39m [90m[39m
[35m[HTTP][39m [37m-->[39m [37mGET[39m [37m/wd/hub/status[39m
[35m[HTTP][39m [90m{}[39m
[35m[HTTP][39m [37m<-- GET /wd/hub/status [39m[32m200[39m [90m1 ms - 68[39m
[35m[HTTP][39m [90m[39m
[35m[HTTP][39m [37m-->[39m [37mPOST[39m [37m/wd/hub/session/ed13e518-89d0-4a53-b4e6-51d918351bf7/timeouts[39m
[35m[HTTP][39m [90m{"implicit":30000}[39m
[35m[HTTP][39m [37m<-- POST /wd/hub/session/ed13e518-89d0-4a53-b4e6-51d918351bf7/timeouts [39m[32m200[39m [90m2 ms - 14[39m
[35m[HTTP][39m [90m[39m
[35m[HTTP][39m [37m-->[39m [37mGET[39m [37m/wd/hub/session/ed13e518-89d0-4a53-b4e6-51d918351bf7/screenshot[39m
[35m[HTTP][39m [90m{}[39m
[35m[HTTP][39m [37m<-- GET /wd/hub/session/ed13e518-89d0-4a53-b4e6-51d918351bf7/screenshot [39m[32m200[39m [90m341 ms - 96954[39m
[35m[HTTP][39m [90m[39m
[35m[HTTP][39m [37m-->[39m [37mGET[39m [37m/wd/hub/session/ed13e518-89d0-4a53-b4e6-51d918351bf7/window/rect[39m
[35m[HTTP][39m [90m{}[39m
[35m[HTTP][39m [37m<-- GET /wd/hub/session/ed13e518-89d0-4a53-b4e6-51d918351bf7/window/rect [39m[32m200[39m [90m10 ms - 50[39m
[35m[HTTP][39m [90m[39m
[35m[HTTP][39m [37m-->[39m [37mGET[39m [37m/wd/hub/session/ed13e518-89d0-4a53-b4e6-51d918351bf7/appium/device/system_bars[39m
[35m[HTTP][39m [90m{}[39m
[35m[HTTP][39m [37m<-- GET /wd/hub/session/ed13e518-89d0-4a53-b4e6-51d918351bf7/appium/device/system_bars [39m[32m200[39m [90m42 ms - 145[39m
[35m[HTTP][39m [90m[39m
[35m[HTTP][39m [37m-->[39m [37mPOST[39m [37m/wd/hub/session/ed13e518-89d0-4a53-b4e6-51d918351bf7/timeouts[39m
[35m[HTTP][39m [90m{"implicit":50}[39m
[35m[HTTP][39m [37m<-- POST /wd/hub/session/ed13e518-89d0-4a53-b4e6-51d918351bf7/timeouts [39m[32m200[39m [90m2 ms - 14[39m
[35m[HTTP][39m [90m[39m
[35m[HTTP][39m [37m-->[39m [37mGET[39m [37m/wd/hub/session/ed13e518-89d0-4a53-b4e6-51d918351bf7/window/rect[39m
[35m[HTTP][39m [90m{}[39m
[35m[HTTP][39m [37m<-- GET /wd/hub/session/ed13e518-89d0-4a53-b4e6-51d918351bf7/window/rect [39m[32m200[39m [90m8 ms - 50[39m
[35m[HTTP][39m [90m[39m
[35m[HTTP][39m [37m-->[39m [37mPOST[39m [37m/wd/hub/session/ed13e518-89d0-4a53-b4e6-51d918351bf7/elements[39m
[35m[HTTP][39m [90m{"using":"xpath","value":"//*[@class = 'android.widget.Button' and (@text = '1' or . = '1') and @resource-id = 'com.google.android.calculator:id/digit_1']"}[39m
[35m[HTTP][39m [37m<-- POST /wd/hub/session/ed13e518-89d0-4a53-b4e6-51d918351bf7/elements [39m[32m200[39m [90m743 ms - 139[39m
[35m[HTTP][39m [90m[39m
[35m[HTTP][39m [37m-->[39m [37mGET[39m [37m/wd/hub/session/ed13e518-89d0-4a53-b4e6-51d918351bf7/element/00000000-0000-00f0-ffff-ffff00000061/location[39m
[35m[HTTP][39m [90m{}[39m
[35m[W3C (ed13e518)][39m Driver proxy active, passing request on via HTTP proxy
[35m[WD Proxy][39m Replacing sessionId 77dcfbb3-b5c5-46b5-a5ce-ab94f9c3a013 with ed13e518-89d0-4a53-b4e6-51d918351bf7
[35m[HTTP][39m [37m<-- GET /wd/hub/session/ed13e518-89d0-4a53-b4e6-51d918351bf7/element/00000000-0000-00f0-ffff-ffff00000061/location [39m[32m200[39m [90m11 ms - 78[39m
[35m[HTTP][39m [90m[39m
[35m[HTTP][39m [37m-->[39m [37mPOST[39m [37m/wd/hub/session/ed13e518-89d0-4a53-b4e6-51d918351bf7/timeouts[39m
[35m[HTTP][39m [90m{"implicit":30000}[39m
[35m[HTTP][39m [37m<-- POST /wd/hub/session/ed13e518-89d0-4a53-b4e6-51d918351bf7/timeouts [39m[32m200[39m [90m1 ms - 14[39m
[35m[HTTP][39m [90m[39m
[35m[HTTP][39m [37m-->[39m [37mPOST[39m [37m/wd/hub/session/ed13e518-89d0-4a53-b4e6-51d918351bf7/element/00000000-0000-00f0-ffff-ffff00000061/click[39m
[35m[HTTP][39m [90m{"id":"00000000-0000-00f0-ffff-ffff00000061"}[39m
[35m[HTTP][39m [37m<-- POST /wd/hub/session/ed13e518-89d0-4a53-b4e6-51d918351bf7/element/00000000-0000-00f0-ffff-ffff00000061/click [39m[32m200[39m [90m10065 ms - 14[39m
[35m[HTTP][39m [90m[39m
[35m[HTTP][39m [37m-->[39m [37mPOST[39m [37m/wd/hub/session/ed13e518-89d0-4a53-b4e6-51d918351bf7/timeouts[39m
[35m[HTTP][39m [90m{"implicit":50}[39m
[35m[HTTP][39m [37m<-- POST /wd/hub/session/ed13e518-89d0-4a53-b4e6-51d918351bf7/timeouts [39m[32m200[39m [90m1 ms - 14[39m
[35m[HTTP][39m [90m[39m
[35m[HTTP][39m [37m-->[39m [37mGET[39m [37m/wd/hub/session/ed13e518-89d0-4a53-b4e6-51d918351bf7/window/rect[39m
[35m[HTTP][39m [90m{}[39m
[35m[HTTP][39m [37m<-- GET /wd/hub/session/ed13e518-89d0-4a53-b4e6-51d918351bf7/window/rect [39m[32m200[39m [90m7 ms - 50[39m
[35m[HTTP][39m [90m[39m
[35m[HTTP][39m [37m-->[39m [37mPOST[39m [37m/wd/hub/session/ed13e518-89d0-4a53-b4e6-51d918351bf7/elements[39m
[35m[HTTP][39m [90m{"using":"xpath","value":"//*[@class = 'android.widget.Button' and (@text = '0' or . = '0') and @resource-id = 'com.google.android.calculator:id/digit_0']"}[39m
[35m[HTTP][39m [37m<-- POST /wd/hub/session/ed13e518-89d0-4a53-b4e6-51d918351bf7/elements [39m[32m200[39m [90m72 ms - 139[39m
[35m[HTTP][39m [90m[39m
[35m[HTTP][39m [37m-->[39m [37mGET[39m [37m/wd/hub/session/ed13e518-89d0-4a53-b4e6-51d918351bf7/element/00000000-0000-00f0-ffff-ffff00000065/location[39m
[35m[HTTP][39m [90m{}[39m
[35m[W3C (ed13e518)][39m Driver proxy active, passing request on via HTTP proxy
[35m[WD Proxy][39m Replacing sessionId 77dcfbb3-b5c5-46b5-a5ce-ab94f9c3a013 with ed13e518-89d0-4a53-b4e6-51d918351bf7
[35m[HTTP][39m [37m<-- GET /wd/hub/session/ed13e518-89d0-4a53-b4e6-51d918351bf7/element/00000000-0000-00f0-ffff-ffff00000065/location [39m[32m200[39m [90m10 ms - 78[39m
[35m[HTTP][39m [90m[39m
[35m[HTTP][39m [37m-->[39m [37mPOST[39m [37m/wd/hub/session/ed13e518-89d0-4a53-b4e6-51d918351bf7/timeouts[39m
[35m[HTTP][39m [90m{"implicit":30000}[39m
[35m[HTTP][39m [37m<-- POST /wd/hub/session/ed13e518-89d0-4a53-b4e6-51d918351bf7/timeouts [39m[32m200[39m [90m1 ms - 14[39m
[35m[HTTP][39m [90m[39m
[35m[HTTP][39m [37m-->[39m [37mPOST[39m [37m/wd/hub/session/ed13e518-89d0-4a53-b4e6-51d918351bf7/element/00000000-0000-00f0-ffff-ffff00000065/click[39m
[35m[HTTP][39m [90m{"id":"00000000-0000-00f0-ffff-ffff00000065"}[39m
[35m[HTTP][39m [37m<-- POST /wd/hub/session/ed13e518-89d0-4a53-b4e6-51d918351bf7/element/00000000-0000-00f0-ffff-ffff00000065/click [39m[32m200[39m [90m10039 ms - 14[39m
[35m[HTTP][39m [90m[39m
[35m[HTTP][39m [37m-->[39m [37mPOST[39m [37m/wd/hub/session/ed13e518-89d0-4a53-b4e6-51d918351bf7/timeouts[39m
[35m[HTTP][39m [90m{"implicit":50}[39m
[35m[HTTP][39m [37m<-- POST /wd/hub/session/ed13e518-89d0-4a53-b4e6-51d918351bf7/timeouts [39m[32m200[39m [90m1 ms - 14[39m
[35m[HTTP][39m [90m[39m
[35m[HTTP][39m [37m-->[39m [37mGET[39m [37m/wd/hub/session/ed13e518-89d0-4a53-b4e6-51d918351bf7/window/rect[39m
[35m[HTTP][39m [90m{}[39m
[35m[HTTP][39m [37m<-- GET /wd/hub/session/ed13e518-89d0-4a53-b4e6-51d918351bf7/window/rect [39m[32m200[39m [90m7 ms - 50[39m
[35m[HTTP][39m [90m[39m
[35m[HTTP][39m [37m-->[39m [37mPOST[39m [37m/wd/hub/session/ed13e518-89d0-4a53-b4e6-51d918351bf7/elements[39m
[35m[HTTP][39m [90m{"using":"xpath","value":"//*[@class = 'android.widget.Button' and (@text = '0' or . = '0') and @resource-id = 'com.google.android.calculator:id/digit_0']"}[39m
[35m[HTTP][39m [37m<-- POST /wd/hub/session/ed13e518-89d0-4a53-b4e6-51d918351bf7/elements [39m[32m200[39m [90m37 ms - 139[39m
[35m[HTTP][39m [90m[39m
[35m[HTTP][39m [37m-->[39m [37mGET[39m [37m/wd/hub/session/ed13e518-89d0-4a53-b4e6-51d918351bf7/element/00000000-0000-00f0-ffff-ffff00000065/location[39m
[35m[HTTP][39m [90m{}[39m
[35m[W3C (ed13e518)][39m Driver proxy active, passing request on via HTTP proxy
[35m[WD Proxy][39m Replacing sessionId 77dcfbb3-b5c5-46b5-a5ce-ab94f9c3a013 with ed13e518-89d0-4a53-b4e6-51d918351bf7
[35m[HTTP][39m [37m<-- GET /wd/hub/session/ed13e518-89d0-4a53-b4e6-51d918351bf7/element/00000000-0000-00f0-ffff-ffff00000065/location [39m[32m200[39m [90m11 ms - 78[39m
[35m[HTTP][39m [90m[39m
[35m[HTTP][39m [37m-->[39m [37mPOST[39m [37m/wd/hub/session/ed13e518-89d0-4a53-b4e6-51d918351bf7/timeouts[39m
[35m[HTTP][39m [90m{"implicit":30000}[39m
[35m[HTTP][39m [37m<-- POST /wd/hub/session/ed13e518-89d0-4a53-b4e6-51d918351bf7/timeouts [39m[32m200[39m [90m1 ms - 14[39m
[35m[HTTP][39m [90m[39m
[35m[HTTP][39m [37m-->[39m [37mPOST[39m [37m/wd/hub/session/ed13e518-89d0-4a53-b4e6-51d918351bf7/element/00000000-0000-00f0-ffff-ffff00000065/click[39m
[35m[HTTP][39m [90m{"id":"00000000-0000-00f0-ffff-ffff00000065"}[39m
[35m[HTTP][39m [37m<-- POST /wd/hub/session/ed13e518-89d0-4a53-b4e6-51d918351bf7/element/00000000-0000-00f0-ffff-ffff00000065/click [39m[32m200[39m [90m10042 ms - 14[39m
[35m[HTTP][39m [90m[39m
[35m[HTTP][39m [37m-->[39m [37mPOST[39m [37m/wd/hub/session/ed13e518-89d0-4a53-b4e6-51d918351bf7/timeouts[39m
[35m[HTTP][39m [90m{"implicit":50}[39m
[35m[HTTP][39m [37m<-- POST /wd/hub/session/ed13e518-89d0-4a53-b4e6-51d918351bf7/timeouts [39m[32m200[39m [90m1 ms - 14[39m
[35m[HTTP][39m [90m[39m
[35m[HTTP][39m [37m-->[39m [37mGET[39m [37m/wd/hub/session/ed13e518-89d0-4a53-b4e6-51d918351bf7/window/rect[39m
[35m[HTTP][39m [90m{}[39m
[35m[HTTP][39m [37m<-- GET /wd/hub/session/ed13e518-89d0-4a53-b4e6-51d918351bf7/window/rect [39m[32m200[39m [90m5 ms - 50[39m
[35m[HTTP][39m [90m[39m
[35m[HTTP][39m [37m-->[39m [37mPOST[39m [37m/wd/hub/session/ed13e518-89d0-4a53-b4e6-51d918351bf7/elements[39m
[35m[HTTP][39m [90m{"using":"xpath","value":"//*[@class = 'android.widget.Button' and (@text = '0' or . = '0') and @resource-id = 'com.google.android.calculator:id/digit_0']"}[39m
[35m[HTTP][39m [37m<-- POST /wd/hub/session/ed13e518-89d0-4a53-b4e6-51d918351bf7/elements [39m[32m200[39m [90m27 ms - 139[39m
[35m[HTTP][39m [90m[39m
[35m[HTTP][39m [37m-->[39m [37mGET[39m [37m/wd/hub/session/ed13e518-89d0-4a53-b4e6-51d918351bf7/element/00000000-0000-00f0-ffff-ffff00000065/location[39m
[35m[HTTP][39m [90m{}[39m
[35m[W3C (ed13e518)][39m Driver proxy active, passing request on via HTTP proxy
[35m[WD Proxy][39m Replacing sessionId 77dcfbb3-b5c5-46b5-a5ce-ab94f9c3a013 with ed13e518-89d0-4a53-b4e6-51d918351bf7
[35m[HTTP][39m [37m<-- GET /wd/hub/session/ed13e518-89d0-4a53-b4e6-51d918351bf7/element/00000000-0000-00f0-ffff-ffff00000065/location [39m[32m200[39m [90m11 ms - 78[39m
[35m[HTTP][39m [90m[39m
[35m[HTTP][39m [37m-->[39m [37mPOST[39m [37m/wd/hub/session/ed13e518-89d0-4a53-b4e6-51d918351bf7/timeouts[39m
[35m[HTTP][39m [90m{"implicit":30000}[39m
[35m[HTTP][39m [37m<-- POST /wd/hub/session/ed13e518-89d0-4a53-b4e6-51d918351bf7/timeouts [39m[32m200[39m [90m1 ms - 14[39m
[35m[HTTP][39m [90m[39m
[35m[HTTP][39m [37m-->[39m [37mPOST[39m [37m/wd/hub/session/ed13e518-89d0-4a53-b4e6-51d918351bf7/element/00000000-0000-00f0-ffff-ffff00000065/click[39m
[35m[HTTP][39m [90m{"id":"00000000-0000-00f0-ffff-ffff00000065"}[39m
[35m[HTTP][39m [37m<-- POST /wd/hub/session/ed13e518-89d0-4a53-b4e6-51d918351bf7/element/00000000-0000-00f0-ffff-ffff00000065/click [39m[32m200[39m [90m10061 ms - 14[39m
[35m[HTTP][39m [90m[39m
[35m[HTTP][39m [37m-->[39m [37mPOST[39m [37m/wd/hub/session/ed13e518-89d0-4a53-b4e6-51d918351bf7/timeouts[39m
[35m[HTTP][39m [90m{"implicit":50}[39m
[35m[HTTP][39m [37m<-- POST /wd/hub/session/ed13e518-89d0-4a53-b4e6-51d918351bf7/timeouts [39m[32m200[39m [90m1 ms - 14[39m
[35m[HTTP][39m [90m[39m
[35m[HTTP][39m [37m-->[39m [37mGET[39m [37m/wd/hub/session/ed13e518-89d0-4a53-b4e6-51d918351bf7/window/rect[39m
[35m[HTTP][39m [90m{}[39m
[35m[HTTP][39m [37m<-- GET /wd/hub/session/ed13e518-89d0-4a53-b4e6-51d918351bf7/window/rect [39m[32m200[39m [90m8 ms - 50[39m
[35m[HTTP][39m [90m[39m
[35m[HTTP][39m [37m-->[39m [37mPOST[39m [37m/wd/hub/session/ed13e518-89d0-4a53-b4e6-51d918351bf7/elements[39m
[35m[HTTP][39m [90m{"using":"xpath","value":"//*[@class = 'android.widget.Button' and (@text = 'รท' or . = 'รท') and @resource-id = 'com.google.android.calculator:id/op_div']"}[39m
[35m[HTTP][39m [37m<-- POST /wd/hub/session/ed13e518-89d0-4a53-b4e6-51d918351bf7/elements [39m[32m200[39m [90m28 ms - 139[39m
[35m[HTTP][39m [90m[39m
[35m[HTTP][39m [37m-->[39m [37mGET[39m [37m/wd/hub/session/ed13e518-89d0-4a53-b4e6-51d918351bf7/element/00000000-0000-00f0-ffff-ffff00000058/location[39m
[35m[HTTP][39m [90m{}[39m
[35m[W3C (ed13e518)][39m Driver proxy active, passing request on via HTTP proxy
[35m[WD Proxy][39m Replacing sessionId 77dcfbb3-b5c5-46b5-a5ce-ab94f9c3a013 with ed13e518-89d0-4a53-b4e6-51d918351bf7
[35m[HTTP][39m [37m<-- GET /wd/hub/session/ed13e518-89d0-4a53-b4e6-51d918351bf7/element/00000000-0000-00f0-ffff-ffff00000058/location [39m[32m200[39m [90m7 ms - 80[39m
[35m[HTTP][39m [90m[39m
[35m[HTTP][39m [37m-->[39m [37mPOST[39m [37m/wd/hub/session/ed13e518-89d0-4a53-b4e6-51d918351bf7/timeouts[39m
[35m[HTTP][39m [90m{"implicit":30000}[39m
[35m[HTTP][39m [37m<-- POST /wd/hub/session/ed13e518-89d0-4a53-b4e6-51d918351bf7/timeouts [39m[32m200[39m [90m1 ms - 14[39m
[35m[HTTP][39m [90m[39m
[35m[HTTP][39m [37m-->[39m [37mPOST[39m [37m/wd/hub/session/ed13e518-89d0-4a53-b4e6-51d918351bf7/element/00000000-0000-00f0-ffff-ffff00000058/click[39m
[35m[HTTP][39m [90m{"id":"00000000-0000-00f0-ffff-ffff00000058"}[39m
[35m[HTTP][39m [37m<-- POST /wd/hub/session/ed13e518-89d0-4a53-b4e6-51d918351bf7/element/00000000-0000-00f0-ffff-ffff00000058/click [39m[32m200[39m [90m10054 ms - 14[39m
[35m[HTTP][39m [90m[39m
[35m[HTTP][39m [37m-->[39m [37mPOST[39m [37m/wd/hub/session/ed13e518-89d0-4a53-b4e6-51d918351bf7/timeouts[39m
[35m[HTTP][39m [90m{"implicit":50}[39m
[35m[HTTP][39m [37m<-- POST /wd/hub/session/ed13e518-89d0-4a53-b4e6-51d918351bf7/timeouts [39m[32m200[39m [90m1 ms - 14[39m
[35m[HTTP][39m [90m[39m
[35m[HTTP][39m [37m-->[39m [37mGET[39m [37m/wd/hub/session/ed13e518-89d0-4a53-b4e6-51d918351bf7/window/rect[39m
[35m[HTTP][39m [90m{}[39m
[35m[HTTP][39m [37m<-- GET /wd/hub/session/ed13e518-89d0-4a53-b4e6-51d918351bf7/window/rect [39m[32m200[39m [90m10 ms - 50[39m
[35m[HTTP][39m [90m[39m
[35m[HTTP][39m [37m-->[39m [37mPOST[39m [37m/wd/hub/session/ed13e518-89d0-4a53-b4e6-51d918351bf7/elements[39m
[35m[HTTP][39m [90m{"using":"xpath","value":"//*[@class = 'android.widget.Button' and (@text = '5' or . = '5') and @resource-id = 'com.google.android.calculator:id/digit_5']"}[39m
[35m[HTTP][39m [37m<-- POST /wd/hub/session/ed13e518-89d0-4a53-b4e6-51d918351bf7/elements [39m[32m200[39m [90m38 ms - 139[39m
[35m[HTTP][39m [90m[39m
[35m[HTTP][39m [37m-->[39m [37mGET[39m [37m/wd/hub/session/ed13e518-89d0-4a53-b4e6-51d918351bf7/element/00000000-0000-00f0-ffff-ffff0000005e/location[39m
[35m[HTTP][39m [90m{}[39m
[35m[W3C (ed13e518)][39m Driver proxy active, passing request on via HTTP proxy
[35m[WD Proxy][39m Replacing sessionId 77dcfbb3-b5c5-46b5-a5ce-ab94f9c3a013 with ed13e518-89d0-4a53-b4e6-51d918351bf7
[35m[HTTP][39m [37m<-- GET /wd/hub/session/ed13e518-89d0-4a53-b4e6-51d918351bf7/element/00000000-0000-00f0-ffff-ffff0000005e/location [39m[32m200[39m [90m12 ms - 79[39m
[35m[HTTP][39m [90m[39m
[35m[HTTP][39m [37m-->[39m [37mPOST[39m [37m/wd/hub/session/ed13e518-89d0-4a53-b4e6-51d918351bf7/timeouts[39m
[35m[HTTP][39m [90m{"implicit":30000}[39m
[35m[HTTP][39m [37m<-- POST /wd/hub/session/ed13e518-89d0-4a53-b4e6-51d918351bf7/timeouts [39m[32m200[39m [90m1 ms - 14[39m
[35m[HTTP][39m [90m[39m
[35m[HTTP][39m [37m-->[39m [37mPOST[39m [37m/wd/hub/session/ed13e518-89d0-4a53-b4e6-51d918351bf7/element/00000000-0000-00f0-ffff-ffff0000005e/click[39m
[35m[HTTP][39m [90m{"id":"00000000-0000-00f0-ffff-ffff0000005e"}[39m
[35m[HTTP][39m [37m<-- POST /wd/hub/session/ed13e518-89d0-4a53-b4e6-51d918351bf7/element/00000000-0000-00f0-ffff-ffff0000005e/click [39m[32m200[39m [90m10043 ms - 14[39m
[35m[HTTP][39m [90m[39m
[35m[HTTP][39m [37m-->[39m [37mPOST[39m [37m/wd/hub/session/ed13e518-89d0-4a53-b4e6-51d918351bf7/timeouts[39m
[35m[HTTP][39m [90m{"implicit":50}[39m
[35m[HTTP][39m [37m<-- POST /wd/hub/session/ed13e518-89d0-4a53-b4e6-51d918351bf7/timeouts [39m[32m200[39m [90m1 ms - 14[39m
[35m[HTTP][39m [90m[39m
[35m[HTTP][39m [37m-->[39m [37mGET[39m [37m/wd/hub/session/ed13e518-89d0-4a53-b4e6-51d918351bf7/window/rect[39m
[35m[HTTP][39m [90m{}[39m
[35m[HTTP][39m [37m<-- GET /wd/hub/session/ed13e518-89d0-4a53-b4e6-51d918351bf7/window/rect [39m[32m200[39m [90m11 ms - 50[39m
[35m[HTTP][39m [90m[39m
[35m[HTTP][39m [37m-->[39m [37mPOST[39m [37m/wd/hub/session/ed13e518-89d0-4a53-b4e6-51d918351bf7/elements[39m
[35m[HTTP][39m [90m{"using":"xpath","value":"//*[@class = 'android.widget.Button' and (@text = '=' or . = '=') and @resource-id = 'com.google.android.calculator:id/eq']"}[39m
[35m[HTTP][39m [37m<-- POST /wd/hub/session/ed13e518-89d0-4a53-b4e6-51d918351bf7/elements [39m[32m200[39m [90m30 ms - 139[39m
[35m[HTTP][39m [90m[39m
[35m[HTTP][39m [37m-->[39m [37mGET[39m [37m/wd/hub/session/ed13e518-89d0-4a53-b4e6-51d918351bf7/element/00000000-0000-00f0-ffff-ffff00000068/location[39m
[35m[HTTP][39m [90m{}[39m
[35m[W3C (ed13e518)][39m Driver proxy active, passing request on via HTTP proxy
[35m[WD Proxy][39m Replacing sessionId 77dcfbb3-b5c5-46b5-a5ce-ab94f9c3a013 with ed13e518-89d0-4a53-b4e6-51d918351bf7
[35m[HTTP][39m [37m<-- GET /wd/hub/session/ed13e518-89d0-4a53-b4e6-51d918351bf7/element/00000000-0000-00f0-ffff-ffff00000068/location [39m[32m200[39m [90m9 ms - 80[39m
[35m[HTTP][39m [90m[39m
[35m[HTTP][39m [37m-->[39m [37mPOST[39m [37m/wd/hub/session/ed13e518-89d0-4a53-b4e6-51d918351bf7/timeouts[39m
[35m[HTTP][39m [90m{"implicit":30000}[39m
[35m[HTTP][39m [37m<-- POST /wd/hub/session/ed13e518-89d0-4a53-b4e6-51d918351bf7/timeouts [39m[32m200[39m [90m1 ms - 14[39m
[35m[HTTP][39m [90m[39m
[35m[HTTP][39m [37m-->[39m [37mPOST[39m [37m/wd/hub/session/ed13e518-89d0-4a53-b4e6-51d918351bf7/element/00000000-0000-00f0-ffff-ffff00000068/click[39m
[35m[HTTP][39m [90m{"id":"00000000-0000-00f0-ffff-ffff00000068"}[39m
[35m[HTTP][39m [37m<-- POST /wd/hub/session/ed13e518-89d0-4a53-b4e6-51d918351bf7/element/00000000-0000-00f0-ffff-ffff00000068/click [39m[32m200[39m [90m10220 ms - 14[39m
[35m[HTTP][39m [90m[39m
[35m[HTTP][39m [37m-->[39m [37mDELETE[39m [37m/wd/hub/session/ed13e518-89d0-4a53-b4e6-51d918351bf7[39m
[35m[HTTP][39m [90m{}[39m
[35m[Appium][39m Removing session ed13e518-89d0-4a53-b4e6-51d918351bf7 from our master session list
[35m[ADB][39m com.google.android.calculator was successfully uninstalled
[35m[UiAutomator2][39m Restoring hidden api policy to the device default configuration
[35m[HTTP][39m [37m<-- DELETE /wd/hub/session/ed13e518-89d0-4a53-b4e6-51d918351bf7 [39m[32m200[39m [90m528 ms - 14[39m
[35m[HTTP][39m [90m[39m
